<?xml version="1.0" encoding="UTF-8"?>
<testng-results ignored="0" total="2" passed="2" failed="0" skipped="0">
  <reporter-output>
  </reporter-output>
  <suite started-at="2022-09-20T16:40:10Z" name="Suite" finished-at="2022-09-20T16:41:37Z" duration-ms="86788">
    <groups>
    </groups>
    <test started-at="2022-09-20T16:40:10Z" name="Test run with firefox browser" finished-at="2022-09-20T16:41:31Z" duration-ms="81569">
      <class name="com.nopcommerce.demo.Testcase_01_Register">
        <test-method is-config="true" signature="beforeClass(java.lang.String)[pri:0, instance:com.nopcommerce.demo.Testcase_01_Register@75db5df9]" started-at="2022-09-20T16:40:10Z" name="beforeClass" finished-at="2022-09-20T16:40:20Z" duration-ms="10586" status="PASS">
          <params>
            <param index="0">
              <value>
                <![CDATA[Firefox]]>
              </value>
            </param>
          </params>
          <reporter-output>
          </reporter-output>
        </test-method> <!-- beforeClass -->
        <test-method signature="TC_01_RegisterWithEmptyData()[pri:0, instance:com.nopcommerce.demo.Testcase_01_Register@75db5df9]" started-at="2022-09-20T16:40:20Z" name="TC_01_RegisterWithEmptyData" finished-at="2022-09-20T16:40:21Z" duration-ms="525" status="PASS">
          <reporter-output>
          </reporter-output>
        </test-method> <!-- TC_01_RegisterWithEmptyData -->
        <test-method is-config="true" signature="afterClass()[pri:0, instance:com.nopcommerce.demo.Testcase_01_Register@75db5df9]" started-at="2022-09-20T16:40:21Z" name="afterClass" finished-at="2022-09-20T16:41:31Z" duration-ms="70437" status="PASS">
          <reporter-output>
          </reporter-output>
        </test-method> <!-- afterClass -->
      </class> <!-- com.nopcommerce.demo.Testcase_01_Register -->
    </test> <!-- Test run with firefox browser -->
    <test started-at="2022-09-20T16:41:31Z" name="Test run with Chrome browser" finished-at="2022-09-20T16:41:37Z" duration-ms="5197">
      <class name="com.nopcommerce.demo.Testcase_01_Register">
        <test-method is-config="true" signature="beforeClass(java.lang.String)[pri:0, instance:com.nopcommerce.demo.Testcase_01_Register@10d68fcd]" started-at="2022-09-20T16:41:31Z" name="beforeClass" finished-at="2022-09-20T16:41:36Z" duration-ms="4785" status="PASS">
          <params>
            <param index="0">
              <value>
                <![CDATA[Chrome]]>
              </value>
            </param>
          </params>
          <reporter-output>
          </reporter-output>
        </test-method> <!-- beforeClass -->
        <test-method signature="TC_01_RegisterWithEmptyData()[pri:0, instance:com.nopcommerce.demo.Testcase_01_Register@10d68fcd]" started-at="2022-09-20T16:41:36Z" name="TC_01_RegisterWithEmptyData" finished-at="2022-09-20T16:41:36Z" duration-ms="227" status="PASS">
          <reporter-output>
          </reporter-output>
        </test-method> <!-- TC_01_RegisterWithEmptyData -->
        <test-method is-config="true" signature="afterClass()[pri:0, instance:com.nopcommerce.demo.Testcase_01_Register@10d68fcd]" started-at="2022-09-20T16:41:36Z" name="afterClass" finished-at="2022-09-20T16:41:37Z" duration-ms="183" status="PASS">
          <reporter-output>
          </reporter-output>
        </test-method> <!-- afterClass -->
      </class> <!-- com.nopcommerce.demo.Testcase_01_Register -->
    </test> <!-- Test run with Chrome browser -->
  </suite> <!-- Suite -->
</testng-results>
